<?xml version="1.0" encoding="UTF-8"?>
<testng-results skipped="0" failed="0" ignored="0" total="1" passed="1">
  <reporter-output>
  </reporter-output>
  <suite name="Default suite" duration-ms="276" started-at="2017-06-16T12:06:32Z" finished-at="2017-06-16T12:06:32Z">
    <groups>
    </groups>
    <test name="Default test" duration-ms="276" started-at="2017-06-16T12:06:32Z" finished-at="2017-06-16T12:06:32Z">
      <class name="testcases.TC_001">
        <test-method status="PASS" signature="StartBrowser()[pri:0, instance:testcases.TC_001@6f7fd0e6]" name="StartBrowser" is-config="true" duration-ms="8149" started-at="2017-06-16T17:36:24Z" finished-at="2017-06-16T17:36:32Z">
          <reporter-output>
          </reporter-output>
        </test-method> <!-- StartBrowser -->
        <test-method status="PASS" signature="test1()[pri:1, instance:testcases.TC_001@6f7fd0e6]" name="test1" duration-ms="265" started-at="2017-06-16T17:36:32Z" finished-at="2017-06-16T17:36:32Z">
          <reporter-output>
          </reporter-output>
        </test-method> <!-- test1 -->
      </class> <!-- testcases.TC_001 -->
    </test> <!-- Default test -->
  </suite> <!-- Default suite -->
</testng-results>
